<?xml version="1.0" encoding="UTF-8"?>
<!-- Generated by org.testng.reporters.JUnitReportReporter -->
<testsuite hostname="DESKTOP-L8D6NFS" failures="0" tests="1" name="dailytasks.Task1" time="202.375" errors="0" timestamp="2023-11-08T17:58:35 IST" skipped="0">
  <testcase classname="dailytasks.Task1" name="broken" time="202.375"/>
</testsuite> <!-- dailytasks.Task1 -->
